[0m[[0m[0mdebug[0m] [0m[0m> Exec(early(addDefaultCommands), None, None)[0m
[0m[[0m[0mdebug[0m] [0m[0m> Exec(addDefaultCommands, None, None)[0m
[0m[[0m[0mdebug[0m] [0m[0m> Exec(early(initialize), None, None)[0m
[0m[[0m[0mdebug[0m] [0m[0m> Exec(initialize, None, None)[0m
[0m[[0m[0mdebug[0m] [0m[0m> Exec(boot, None, None)[0m
[0m[[0m[0mdebug[0m] [0m[0m> Exec(writeSbtVersion, None, None)[0m
[0m[[0m[0mdebug[0m] [0m[0m> Exec(reload, None, None)[0m
[0m[[0m[0mdebug[0m] [0m[0m> Exec(sbtStashOnFailure, None, None)[0m
[0m[[0m[0mdebug[0m] [0m[0m> Exec(onFailure loadFailed, None, None)[0m
[0m[[0m[0mdebug[0m] [0m[0m> Exec(loadp, None, None)[0m
[0m[[0m[0minfo[0m] [0m[0mwelcome to sbt 1.4.5 (Oracle Corporation Java 17.0.2)[0m
[0m[[0m[0mdebug[0m] [0m[0mLoad.defaultLoad until apply took 4037.6641ms[0m
[0m[[0m[0mdebug[0m] [0m[0m          Load.loadUnit: plugins took 442.0313ms[0m
[0m[[0m[0mdebug[0m] [0m[0m          Load.loadUnit: defsScala took 0.9885ms[0m
[0m[[0m[0mdebug[0m] [0m[0m[Loading] Scanning directory C:\Users\seank\Desktop\MSU\Spring 2022\Concurrent Programming\cs39acspring2020assignment03-xDazed\project[0m
[0m[[0m[0mdebug[0m] [0m[0m            Load.loadUnit: mkEval took 14.1128ms[0m
[0m[[0m[0mdebug[0m] [0m[0m[Loading] Found non-root projects [0m
[0m[[0m[0mdebug[0m] [0m[0m[Loading] Done in C:\Users\seank\Desktop\MSU\Spring 2022\Concurrent Programming\cs39acspring2020assignment03-xDazed\project, returning: ()[0m
[0m[[0m[0mdebug[0m] [0m[0mdeducing auto plugins based on known facts Set(Atom(sbt.plugins.CorePlugin)) and clauses Clauses(List(Clause(Atom(sbt.plugins.JvmPlugin),Set(Atom(sbt.plugins.IvyPlugin))), Clause(Atom(sbt.ScriptedPlugin),Set(Atom(sbt.plugins.JvmPlugin))), Clause(Atom(sbt.plugins.SbtPlugin),Set(Atom(sbt.ScriptedPlugin))), Clause(Atom(sbt.plugins.SemanticdbPlugin),Set(Atom(sbt.plugins.JvmPlugin))), Clause(Atom(sbt.plugins.JUnitXmlReportPlugin),Set(Atom(sbt.plugins.JvmPlugin))), Clause(Atom(sbt.plugins.MiniDependencyTreePlugin),Set(Atom(sbt.plugins.JvmPlugin))), Clause(Atom(sbt.plugins.CorePlugin),Set(Atom(sbt.plugins.IvyPlugin))), Clause(Atom(sbt.plugins.IvyPlugin),Set(Atom(sbt.plugins.JvmPlugin))), Clause(Atom(sbt.plugins.JvmPlugin),Set(Atom(sbt.plugins.SemanticdbPlugin))), Clause(Atom(sbt.plugins.JvmPlugin),Set(Atom(sbt.plugins.JUnitXmlReportPlugin))), Clause(Atom(sbt.plugins.CorePlugin),Set(Atom(sbt.plugins.Giter8TemplatePlugin))), Clause(Atom(sbt.plugins.JvmPlugin),Set(Atom(sbt.plugins.MiniDependencyTreePlugin)))))[0m
[0m[[0m[0mdebug[0m] [0m[0m  :: deduced result: Matched(sbt.plugins.CorePlugin,sbt.plugins.Giter8TemplatePlugin,sbt.plugins.IvyPlugin,sbt.plugins.JvmPlugin,sbt.plugins.MiniDependencyTreePlugin,sbt.plugins.JUnitXmlReportPlugin,sbt.plugins.SemanticdbPlugin)[0m
[0m[[0m[0mdebug[0m] [0m[0mPlugins.deducer#function took 118.1465 ms[0m
[0m[[0m[0minfo[0m] [0m[0mloading settings for project cs39acspring2020assignment03-xdazed-build from plugins.sbt ...[0m
[0m[[0m[0mdebug[0m] [0m[0m              Load.resolveProject(cs39acspring2020assignment03-xdazed-build) took 226.9652ms[0m
[0m[[0m[0mdebug[0m] [0m[0m            Load.loadTransitive: finalizeProject(Project(id cs39acspring2020assignment03-xdazed-build, base: C:\Users\seank\Desktop\MSU\Spring 2022\Concurrent Programming\cs39acspring2020assignment03-xDazed\project, plugins: List(<none>))) took 407.1715ms[0m
[0m[[0m[0mdebug[0m] [0m[0m[Loading] Done in C:\Users\seank\Desktop\MSU\Spring 2022\Concurrent Programming\cs39acspring2020assignment03-xDazed\project, returning: (cs39acspring2020assignment03-xdazed-build)[0m
[0m[[0m[0mdebug[0m] [0m[0m          Load.loadUnit: loadedProjectsRaw took 1369.4285ms[0m
[0m[[0m[0mdebug[0m] [0m[0m          Load.loadUnit: cleanEvalClasses took 51.9644ms[0m
[0m[[0m[0mdebug[0m] [0m[0m        Load.loadUnit(file:/C:/Users/seank/Desktop/MSU/Spring%202022/Concurrent%20Programming/cs39acspring2020assignment03-xDazed/project/, ...) took 1890.2207ms[0m
[0m[[0m[0mdebug[0m] [0m[0m      Load.apply: load took 2459.8979ms[0m
[0m[[0m[0mdebug[0m] [0m[0m      Load.apply: resolveProjects took 15.5001ms[0m
[0m[[0m[0mdebug[0m] [0m[0m      Load.apply: finalTransforms took 333.6722ms[0m
[0m[[0m[0mdebug[0m] [0m[0m      Load.apply: config.delegates took 118.4894ms[0m
[0m[[0m[0mdebug[0m] [0m[0m      Load.apply: Def.make(settings)... took 4570.4324ms[0m
[0m[[0m[0mdebug[0m] [0m[0m      Load.apply: structureIndex took 579.6544ms[0m
[0m[[0m[0mdebug[0m] [0m[0m      Load.apply: mkStreams took 33.9875ms[0m
[0m[[0m[0minfo[0m] [0m[0mloading project definition from C:\Users\seank\Desktop\MSU\Spring 2022\Concurrent Programming\cs39acspring2020assignment03-xDazed\project[0m
[0m[[0m[0mdebug[0m] [0m[0mRunning task... Cancel: Signal, check cycles: false, forcegc: true[0m
[0m[[0m[0mdebug[0m] [0m[0m    Load.loadUnit: plugins took 13656.809ms[0m
[0m[[0m[0mdebug[0m] [0m[0m    Load.loadUnit: defsScala took 0.0115ms[0m
[0m[[0m[0mdebug[0m] [0m[0m[Loading] Scanning directory C:\Users\seank\Desktop\MSU\Spring 2022\Concurrent Programming\cs39acspring2020assignment03-xDazed[0m
[0m[[0m[0mdebug[0m] [0m[0m      Load.loadUnit: mkEval took 0.8443ms[0m
[0m[[0m[0mdebug[0m] [0m[0m[Loading] Found root project hello w/ remaining [0m
[0m[[0m[0mdebug[0m] [0m[0mdeducing auto plugins based on known facts Set(Atom(play.twirl.sbt.SbtTwirl), Atom(com.earldouglas.xwp.JettyPlugin), Atom(sbt.plugins.CorePlugin)) and clauses Clauses(List(Clause(Atom(sbt.plugins.JvmPlugin),Set(Atom(sbt.plugins.IvyPlugin))), Clause(Atom(sbt.ScriptedPlugin),Set(Atom(sbt.plugins.JvmPlugin))), Clause(Atom(sbt.plugins.SbtPlugin),Set(Atom(sbt.ScriptedPlugin))), Clause(Atom(sbt.plugins.SemanticdbPlugin),Set(Atom(sbt.plugins.JvmPlugin))), Clause(Atom(sbt.plugins.JUnitXmlReportPlugin),Set(Atom(sbt.plugins.JvmPlugin))), Clause(Atom(sbt.plugins.MiniDependencyTreePlugin),Set(Atom(sbt.plugins.JvmPlugin))), Clause(Atom(play.twirl.sbt.SbtTwirl),Set(Atom(sbt.plugins.JvmPlugin))), Clause(Atom(com.earldouglas.xwp.ContainerPlugin),Set(Atom(com.earldouglas.xwp.WarPlugin))), Clause(Atom(com.earldouglas.xwp.ElasticBeanstalkDeployPlugin),Set(Atom(sbt.plugins.JvmPlugin))), Clause(Atom(com.earldouglas.xwp.HerokuDeploy),Set(Atom(sbt.plugins.JvmPlugin))), Clause(Atom(com.earldouglas.xwp.JettyPlugin),Set(Atom(com.earldouglas.xwp.ContainerPlugin))), Clause(Atom(com.earldouglas.xwp.TomcatPlugin),Set(Atom(com.earldouglas.xwp.ContainerPlugin))), Clause(Atom(com.earldouglas.xwp.WarPlugin),Set(Atom(com.earldouglas.xwp.WebappPlugin))), Clause(Atom(com.earldouglas.xwp.WebappPlugin),Set(Atom(sbt.plugins.JvmPlugin))), Clause(Atom(sbt.plugins.CorePlugin),Set(Atom(sbt.plugins.IvyPlugin))), Clause(Atom(sbt.plugins.IvyPlugin),Set(Atom(sbt.plugins.JvmPlugin))), Clause(Atom(sbt.plugins.JvmPlugin),Set(Atom(sbt.plugins.SemanticdbPlugin))), Clause(Atom(sbt.plugins.JvmPlugin),Set(Atom(sbt.plugins.JUnitXmlReportPlugin))), Clause(Atom(sbt.plugins.CorePlugin),Set(Atom(sbt.plugins.Giter8TemplatePlugin))), Clause(Atom(sbt.plugins.JvmPlugin),Set(Atom(sbt.plugins.MiniDependencyTreePlugin)))))[0m
[0m[[0m[0mdebug[0m] [0m[0m  :: deduced result: Matched(sbt.plugins.CorePlugin,com.earldouglas.xwp.JettyPlugin,play.twirl.sbt.SbtTwirl,sbt.plugins.Giter8TemplatePlugin,sbt.plugins.IvyPlugin,com.earldouglas.xwp.ContainerPlugin,sbt.plugins.JvmPlugin,sbt.plugins.MiniDependencyTreePlugin,sbt.plugins.JUnitXmlReportPlugin,sbt.plugins.SemanticdbPlugin,com.earldouglas.xwp.WarPlugin,com.earldouglas.xwp.WebappPlugin)[0m
[0m[[0m[0mdebug[0m] [0m[0mPlugins.deducer#function took 10.6123 ms[0m
[0m[[0m[0minfo[0m] [0m[0mloading settings for project hello from build.sbt ...[0m
[0m[[0m[0mdebug[0m] [0m[0m        Load.resolveProject(hello) took 108.5156ms[0m
[0m[[0m[0mdebug[0m] [0m[0m      Load.loadTransitive: finalizeProject(Project(id hello, base: C:\Users\seank\Desktop\MSU\Spring 2022\Concurrent Programming\cs39acspring2020assignment03-xDazed, plugins: List(<none>))) took 126.0298ms[0m
[0m[[0m[0mdebug[0m] [0m[0m[Loading] Done in C:\Users\seank\Desktop\MSU\Spring 2022\Concurrent Programming\cs39acspring2020assignment03-xDazed, returning: (hello)[0m
[0m[[0m[0mdebug[0m] [0m[0m    Load.loadUnit: loadedProjectsRaw took 510.7445ms[0m
[0m[[0m[0mdebug[0m] [0m[0m    Load.loadUnit: cleanEvalClasses took 68.0684ms[0m
[0m[[0m[0mdebug[0m] [0m[0m  Load.loadUnit(file:/C:/Users/seank/Desktop/MSU/Spring%202022/Concurrent%20Programming/cs39acspring2020assignment03-xDazed/, ...) took 14243.4818ms[0m
[0m[[0m[0mdebug[0m] [0m[0mLoad.apply: load took 14399.9803ms[0m
[0m[[0m[0mdebug[0m] [0m[0mLoad.apply: resolveProjects took 0.3879ms[0m
[0m[[0m[0mdebug[0m] [0m[0mLoad.apply: finalTransforms took 60.1382ms[0m
[0m[[0m[0mdebug[0m] [0m[0mLoad.apply: config.delegates took 1.1189ms[0m
[0m[[0m[0mdebug[0m] [0m[0mLoad.apply: Def.make(settings)... took 320.6768ms[0m
[0m[[0m[0mdebug[0m] [0m[0mLoad.apply: structureIndex took 73.3224ms[0m
[0m[[0m[0mdebug[0m] [0m[0mLoad.apply: mkStreams took 0.004ms[0m
[0m[[0m[0minfo[0m] [0m[0mset current project to My Scalatra Web App (in build file:/C:/Users/seank/Desktop/MSU/Spring%202022/Concurrent%20Programming/cs39acspring2020assignment03-xDazed/)[0m
[0m[[0m[0mdebug[0m] [0m[0m> Exec(sbtPopOnFailure, None, None)[0m
[0m[[0m[0mdebug[0m] [0m[0m> Exec(resumeFromFailure, None, None)[0m
[0m[[0m[0mdebug[0m] [0m[0m> Exec(notifyUsersAboutShell, None, None)[0m
[0m[[0m[0mdebug[0m] [0m[0m> Exec(iflast shell, None, None)[0m
[0m[[0m[0mdebug[0m] [0m[0m> Exec(shell, None, None)[0m
[0m[[0m[0minfo[0m] [0m[0msbt server started at local:sbt-server-c7fc5ffd9470ab3561d5[0m
[0m[[0m[0minfo[0m] [0m[0mstarted sbt server[0m
